<?xml version="1.0" encoding="UTF-8"?>
<testng-results ignored="0" total="1" passed="1" failed="0" skipped="0">
  <reporter-output>
  </reporter-output>
  <suite started-at="2024-07-24T14:06:23 IST" name="Default suite" finished-at="2024-07-24T14:06:28 IST" duration-ms="5069">
    <groups>
    </groups>
    <test started-at="2024-07-24T14:06:23 IST" name="Default test" finished-at="2024-07-24T14:06:28 IST" duration-ms="5069">
      <class name="Tests.SOAP_API_Testing">
        <test-method signature="validateSoapAPI()[pri:0, instance:Tests.SOAP_API_Testing@45b9a632]" started-at="2024-07-24T14:06:23 IST" name="validateSoapAPI" finished-at="2024-07-24T14:06:28 IST" duration-ms="4988" status="PASS">
          <reporter-output>
          </reporter-output>
        </test-method> <!-- validateSoapAPI -->
      </class> <!-- Tests.SOAP_API_Testing -->
    </test> <!-- Default test -->
  </suite> <!-- Default suite -->
</testng-results>
